-----------------------
Changes (24/03/2014)
----------------------
a) Code optimisation
b) Solution selection rule updated
c) Bug fixed for RXN files

-----------------------
Changes (25/03/2014)
----------------------
a) Code optimisation
b) Bug fix (Rule)
c) RXN File path tokeniser fixed.
d) Similarity matrix printing updated.
e) Matching optimisations ported.

-----------------------
Changes (26/03/2014)
-----------------------
a) Fixed aromaticity related CDK bug

-----------------------
Changes (29/03/2014)
-----------------------
a) Partial handling of missing atom types.
   This needs to be fixed as CDK level.
b) Optimised mapping.
c) Unbalanced reaction reporter, exception generation.
d) Ring vs non-ring bug fixed.

-----------------------
Changes (30/03/2014)
-----------------------
a) Stereo conservation is restored.
b) InChi labelling promoted if available.
c) Canonical container and serialised mapping.
d) 2D relayout for missing atoms.
e) Accept user defined customised AAM for balanced
   reaction.
f) Automorphism.

-----------------------
Changes (31/03/2014)
-----------------------
a) Code optimisation (large rings).
b) Intuitive error message for unbalanced reaction.

-----------------------
Changes (02/04/2014)
-----------------------
a) RXN file property block with unsupported potential 
   DIAT COORDINATE BOND TYPE handled.
b) Fixed Thread bug in MCSPlus algorithm.
c) Radical based changes highlighted in the images.
d) Image size optimised 2048*600.
e) Unique naming sensitive to Radicals.

-----------------------
Changes (12/04/2014)
-----------------------
a) AAM image with atom mapping number.
b) AAM image in top-down orientation.
c) Reaction Similarity parser bug fixed.
d) Reaction Annotation option added.

-----------------------
Changes (15/04/2014)
-----------------------
a) CDK library updated, RXN file Hydrogen adder updated.

-----------------------
Changes (26/04/2014)
-----------------------
a) Graph matching bug fixed.

-----------------------
Changes (09/05/2014)
-----------------------
a) CDK updated 1.5.7 snapshot
b) Bug fix for reaction (transferases).
c) MMP output format updated.

-----------------------
Changes (11/05/2014)
-----------------------
a) Algorithm call for subgraph mapping updated (case R03775)
b) FP updating

-----------------------
Changes (15/05/2014)
-----------------------
a) Canonicalise the atom container based on the SMILES
b) Stereo loss is protected by using method a).
c) Bug fixes (phosphate etc.).
d) Optimise VF MCS

-----------------------
Changes (28/05/2014)
-----------------------
a) SMSD ring and atom types based matcher updated
b) Ring mapping based algorithm updated
c) Selection algorithm updated

-----------------------
Changes (16/06/2014)
-----------------------
a) Single mapping bug fixed in substructure search

-----------------------
Changes (16/08/2014)
-----------------------
a) Mapping bug fixed
b) Code optimisation
c) SMSD updated

-----------------------
Changes (12/12/2014)
-----------------------
a) Mol Naming bug fixed
b) Complex mapping resolved 5.4.99.*

-----------------------
Changes (22/12/2014)
-----------------------
a) CDK-1.5.9 
b) Minor tweaks

-----------------------
Changes (25/12/2014)
-----------------------
a) SMSD with max iteration limit

-----------------------
Changes (26/12/2014)
-----------------------
a) Ability to process unbalanced reactions, with warnings.
   Note: Unbalanced reaction may result in erroneous bond change assumptions.

-----------------------
Changes (27/12/2014)
-----------------------
a) Unbalanced reaction bug fixed.

-----------------------
Changes (08/05/2015)
-----------------------
a) A few bug fixes
b) Draw aromatic bonds.

-----------------------
Changes (13/05/2015)
-----------------------
a) SMSD IAtom comparator

-----------------------
Changes (01/11/2015)
-----------------------
a) CDK-1.5.10 
b) Minor Cleanups

-----------------------
Changes (08/11/2015)
-----------------------
a) Set all null hydrogen counts in molecules to 0
b) Cleanup and Optimisation

-----------------------
Changes (30/12/2015)
-----------------------
a) Missing libs added (CDK & commons-cli)
b) Added build.xml (netbeans)

-----------------------
Changes (02/01/2016)
-----------------------
a) CDK 1.5.12 supported
b) Code cleaned and optimised

-----------------------
Changes (22/03/2016)
-----------------------
a) Old Atom Rank (Index) reported

-----------------------
Changes (31/05/2016)
-----------------------
a) Unbalanced reactions with Rearrangement bug fixed
b) CDK jar cdk-1.5.13.jar added

-----------------------
Changes (01/06/2016)
-----------------------
a) Migrate to Maven project with POM.xml
b) Version rdt-2.0-SNAPSHOT


-----------------------
Changes (14/04/2017)
-----------------------
a) Migrate to Maven project with POM.xml
b) Roll back Version rdt-1.5-SNAPSHOT
c) Fixed bugs
d) SMSD precedence on filter frag > stereo > energy
e) Java 8.0
f) CDK 1.5.14

-----------------------
Changes (28/04/2017)
-----------------------
a) MCSPlus improved
b) Version 1.5.1
c) Fixed bugs
d) Speed improved

-----------------------
Changes (13/10/2018)
-----------------------
a) MCSPlus renamed flavours
b) Version 2.0.0-SNAPSHOT with
c) CDK 2.x 
d) Author name format change 
e) Date changes

-----------------------
Changes (15/10/2018)
-----------------------
a) Loggers cleaned up
b) Version 2.0.1-SNAPSHOT with minor updates 
c) Reaction SMILES

-----------------------
Changes (17/10/2018)
-----------------------
a) Stereo flag used for SMILES
b) Clean up 
c) Optimised fragment mapping speed (phase 1)

-----------------------
Changes (21/10/2018)
-----------------------
a) Major gain in AAM speed
b) Improved MCS code in the SMSD
c) Code Clean and Bug fixes 


-----------------------
Changes (22/10/2018)
-----------------------
a) Code clean up
b) Subgraph mapping improved
c) improved AAM Speed for complex graph  

-----------------------
Changes (21/06/2020)
-----------------------
a) Code clean up and minor bug fixed (improved mapping)
b) CDK 2.3 add to the new build
c) Code dependency with the CDK
d) POM Updated  

-----------------------
Changes (30/06/2020)
-----------------------
a) Concurrent modification error fixed
b) Exit when job done
c) Command line input typo in -c option fixed 
d) Mol layout fixed
e) Enrich mapping pair
f) Moiety added
g) Use multi core

-----------------------
Changes (07/07/2020)
-----------------------
a) BioInception's mapping algorithm patch added

-----------------------
Changes (05/03/2021)
-----------------------
a) -b option for transporter reactions (no bond change)
b) cdk-2.4-SNAPSHOT.jar added
c) clean up

-----------------------
Changes (2026-04-03) — v3.9.0
-----------------------
a) SMSD upgraded to 6.10.2 with energy filter NPE guard.
b) Deadlock fix: GraphMatcher and CallableAtomMappingTool now use
   CompletionService.poll(timeout) instead of take() (which blocks forever),
   with per-pair budget (15s), overall matcher budget (60s), and algorithm
   worker timeout (120s). Orphaned futures are cancelled on timeout to free
   the shared executor pool. Phase 1 inline call moved to executor with
   timeout to prevent main-thread deadlocks.
c) Identity shortcut stereo + multiplicity fix: isIdentityReaction() now uses
   SmiFlavor.Canonical|Stereo (E/Z and R/S are distinguished) and a sorted
   List instead of a TreeSet (stoichiometric multiplicity is preserved).
   Previously, F/C=C/F>>F/C=C\F was incorrectly classified as a transporter
   and routed to MIN; 2CC+CO>>CC+2CO was incorrectly classified as identity.
d) Fractional stoichiometry handling: Reactor.expandReaction() now uses
   Math.round() with a tolerance check instead of the while-loop subtraction
   trick. Non-integer coefficients (e.g. 0.5, 1.5) emit a WARN and are
   rounded to the nearest integer; previously they were silently rounded up
   (0.5→1 by ceiling, 1.5→2) with no indication.
e) CompletionService fault isolation: the parallel algorithm collection loop
   now wraps each cs.take().get() in its own try-catch(ExecutionException).
   A single failing worker no longer aborts collection of all remaining
   successful algorithm results; InterruptedException still stops the loop
   and restores the interrupt flag.
f) Shared ExecutorService for parallel mapping phase: fixed thread pool
   (min(2, min(3, nCPU))) named "rdt-mapping" daemon threads; eliminates
   per-reaction thread-pool creation overhead in batch processing.
g) MIXTURE algorithm restored as genuine fallback: participates in phase-2
   parallel search alongside MIN/MAX/RINGS; deduplicated by mapping signature
   so it only contributes when MinSelection suppresses a valid pairing.
h) Stoichiometric coefficient loss fixed in reagent filter: filtered reaction
   now passes Double coefficient from original IReaction to addReactant/addProduct
   instead of silently defaulting to 1.0.
i) API bond-change count corrected: RDT.java now sums integer weights encoded
   in "PATTERN:N" feature strings (weightSum helper) rather than counting
   unique pattern types; fixes under-reporting for multi-bond reactions.
j) Weight-aware Tanimoto similarity: ReactionResult.getAllFingerprints() retains
   full "PATTERN:N" strings so stoichiometric differences (C-O:2 vs C-O:1)
   are correctly treated as distinct in similarity calculations.
k) MappingDiagnostics memory leak fixed: REACTIONS.get() replaced by
   REACTIONS.remove() in snapshot(); static ConcurrentHashMap entries are now
   released immediately after being consumed, preventing unbounded growth in
   batch runs.
l) Memory architecture redesign: ThreadSafeCache now uses SoftReference values
   so the JVM can reclaim cached MCSSolution objects under heap pressure.
   Capacity reduced from 10,000 to 500 entries with GC-aware eviction.
m) Removed ThreadSafeCache.cleanup() calls from CallableAtomMappingTool that
   were clearing the shared cache while MCS worker threads still accessed it
   (concurrent read/delete race condition causing spurious recomputation).
n) InterruptedException propagation fix: GameTheoryEngine.UpdateMatrix() and
   all four GenerateMapping() loops now check Thread.interrupted() and throw
   InterruptedException instead of silently swallowing cancel signals.
   Previously, future.cancel(true) from algorithm timeouts was ignored,
   causing cancelled workers to run indefinitely on the shared executor.
o) GameTheoryMatrix.Clear() now releases all 7 data structures (was only
   clearing 2 of 7), preventing per-reaction memory accumulation.
p) Local MCS executor threads are now daemon, preventing JVM hang on stuck
   MCS pairs.
q) Surefire heap increased to 4g for benchmark dataset.
r) SMSD citations added to ALGORITHM.md and README.md (Rahman 2025, 2009).
s) SMSD Pro MCS algorithm pseudocode added as Appendix A in ALGORITHM.md.
t) CI publish trigger fixed: GitHub Packages deploy now triggers only on
   version tags (refs/tags/v*), not on every master push (was returning
   HTTP 409 Conflict on repeated same-version deploys).
u) Benchmark progress reporting reduced from every 100 to every 500 reactions
   to keep CI logs clean.
v) Golden dataset benchmark report added: 1,851 reactions, 86.4% chemistry-
   equivalent accuracy (100% on balanced reactions), charts, images, LaTeX.
w) Version bumped to 3.9.0; public release by BioInception PVT LTD.

-----------------------
Changes (2026-04-03) — v3.8.1
-----------------------
a) SMSD upgraded to 6.9.1
b) Identity pre-filter now uses MolGraph.toCanonicalSmiles() (stereo-aware,
   consistent with internal MCS canonicalisation) instead of CDK SmilesGenerator
c) Stereo-correct identity detection: enantiomers and diastereomers no longer
   incorrectly short-circuited to identity mapping
d) Java 21 full compatibility: removed --sun-misc-unsafe-memory-access=allow
   from .mvn/jvm.config and surefire argLine (flag removed in Java 21)
e) Benchmark: 99.2% chemically-equivalent atom mapping on Lin et al. 2022
   golden dataset; benchmark table corrected to use fair metric
f) Version bumped to 3.8.1; public release by BioInception PVT LTD

-----------------------
Changes (2026-03-xx) — v3.6 to v3.8.0
-----------------------
a) Complete internal rewrite and modernisation (BioInception PVT LTD)
b) SMSD upgraded 6.7.0 (proprietary BioInception library)
c) Identity pre-filter pipeline: identity → size ratio → Tanimoto similarity
   reduces MCS workload without compromising chemistry accuracy
d) Formal algorithm description added (ALGORITHM.md)
e) Golden dataset benchmark (Lin et al. 2022, 1,851 reactions) added
f) Toolkit-agnostic graph model API (CDK / RDKit / OpenBabel interchange)
g) Clean one-line Java API: RDT.map(reactionSmiles)
h) Namespace migrated uk.ac.ebi → com.bioinceptionlabs
i) CDK updated to 2.12; Java 21 baseline
j) Codebase reduced from 345 to 68 files; 164-test suite at 100% pass
k) Security hardening, memory leak fixes, thread-safety improvements

-----------------------
TO DO
-----------------------
a) CDK to handle missing atom types like Fe, Co etc.
b) Fix DIAT bonds in the CDK.
c) Old Atom Rank reporting test.
d) Graphormer mapper benchmark comparison (in progress)
